/!\ FAILSAFE /!\  2016-08-20 22:50:19 -0300
  Status: 500 Internal Server Error
  com.mysql.jdbc.exceptions.jdbc4.CommunicationsException: Communications link failure

The last packet sent successfully to the server was 0 milliseconds ago. The driver has not received any packets from the server.
    arjdbc/jdbc/RubyJdbcConnection.java:463:in `init_connection'
    C:/Users/Juan/AppData/Roaming/NetBeans/8.0.2/jruby/lib/ruby/gems/shared/gems/activerecord-jdbc-adapter-1.3.21/lib/arjdbc/jdbc/connection.rb:15:in `initialize'
    C:/Users/Juan/AppData/Roaming/NetBeans/8.0.2/jruby/lib/ruby/gems/shared/gems/activerecord-jdbc-adapter-1.3.21/lib/arjdbc/jdbc/adapter.rb:76:in `initialize'
    C:/Users/Juan/AppData/Roaming/NetBeans/8.0.2/jruby/lib/ruby/gems/shared/gems/activerecord-jdbc-adapter-1.3.21/lib/arjdbc/jdbc/adapter.rb:44:in `new'
    C:/Users/Juan/AppData/Roaming/NetBeans/8.0.2/jruby/lib/ruby/gems/shared/gems/activerecord-jdbc-adapter-1.3.21/lib/arjdbc/jdbc/connection_methods.rb:12:in `jdbc_connection'
    C:/Users/Juan/AppData/Roaming/NetBeans/8.0.2/jruby/lib/ruby/gems/shared/gems/activerecord-jdbc-adapter-1.3.21/lib/arjdbc/mysql/connection_methods.rb:76:in `mysql_connection'
    org/jruby/RubyBasicObject.java:1683:in `__send__'
    org/jruby/RubyKernel.java:2107:in `send'
    C:/Users/Juan/AppData/Roaming/NetBeans/8.0.2/jruby/lib/ruby/gems/shared/gems/activerecord-2.3.8/lib/active_record/connection_adapters/abstract/connection_pool.rb:223:in `new_connection'
    C:/Users/Juan/AppData/Roaming/NetBeans/8.0.2/jruby/lib/ruby/gems/shared/gems/activerecord-2.3.8/lib/active_record/connection_adapters/abstract/connection_pool.rb:245:in `checkout_new_connection'
    C:/Users/Juan/AppData/Roaming/NetBeans/8.0.2/jruby/lib/ruby/gems/shared/gems/activerecord-2.3.8/lib/active_record/connection_adapters/abstract/connection_pool.rb:188:in `checkout'
    org/jruby/RubyKernel.java:1409:in `loop'
    C:/Users/Juan/AppData/Roaming/NetBeans/8.0.2/jruby/lib/ruby/gems/shared/gems/activerecord-2.3.8/lib/active_record/connection_adapters/abstract/connection_pool.rb:184:in `checkout'
    C:/Users/Juan/AppData/Roaming/NetBeans/8.0.2/jruby/lib/ruby/1.9/monitor.rb:211:in `mon_synchronize'
    C:/Users/Juan/AppData/Roaming/NetBeans/8.0.2/jruby/lib/ruby/gems/shared/gems/activerecord-2.3.8/lib/active_record/connection_adapters/abstract/connection_pool.rb:183:in `checkout'
    C:/Users/Juan/AppData/Roaming/NetBeans/8.0.2/jruby/lib/ruby/gems/shared/gems/activerecord-2.3.8/lib/active_record/connection_adapters/abstract/connection_pool.rb:98:in `connection'
    C:/Users/Juan/AppData/Roaming/NetBeans/8.0.2/jruby/lib/ruby/gems/shared/gems/activerecord-2.3.8/lib/active_record/connection_adapters/abstract/connection_pool.rb:326:in `retrieve_connection'
    C:/Users/Juan/AppData/Roaming/NetBeans/8.0.2/jruby/lib/ruby/gems/shared/gems/activerecord-2.3.8/lib/active_record/connection_adapters/abstract/connection_specification.rb:123:in `retrieve_connection'
    C:/Users/Juan/AppData/Roaming/NetBeans/8.0.2/jruby/lib/ruby/gems/shared/gems/activerecord-2.3.8/lib/active_record/connection_adapters/abstract/connection_specification.rb:115:in `connection'
    C:/Users/Juan/AppData/Roaming/NetBeans/8.0.2/jruby/lib/ruby/gems/shared/gems/activerecord-2.3.8/lib/active_record/query_cache.rb:9:in `cache'
    C:/Users/Juan/AppData/Roaming/NetBeans/8.0.2/jruby/lib/ruby/gems/shared/gems/activerecord-2.3.8/lib/active_record/query_cache.rb:28:in `call'
    C:/Users/Juan/AppData/Roaming/NetBeans/8.0.2/jruby/lib/ruby/gems/shared/gems/activerecord-2.3.8/lib/active_record/connection_adapters/abstract/connection_pool.rb:361:in `call'
    C:/Users/Juan/AppData/Roaming/NetBeans/8.0.2/jruby/lib/ruby/gems/shared/gems/actionpack-2.3.8/lib/action_controller/string_coercion.rb:25:in `call'
    C:/Users/Juan/AppData/Roaming/NetBeans/8.0.2/jruby/lib/ruby/gems/shared/gems/rack-1.1.0/lib/rack/head.rb:9:in `call'
    C:/Users/Juan/AppData/Roaming/NetBeans/8.0.2/jruby/lib/ruby/gems/shared/gems/rack-1.1.0/lib/rack/methodoverride.rb:24:in `call'
    C:/Users/Juan/AppData/Roaming/NetBeans/8.0.2/jruby/lib/ruby/gems/shared/gems/actionpack-2.3.8/lib/action_controller/params_parser.rb:15:in `call'
    C:/Users/Juan/AppData/Roaming/NetBeans/8.0.2/jruby/lib/ruby/gems/shared/gems/actionpack-2.3.8/lib/action_controller/session/cookie_store.rb:99:in `call'
    C:/Users/Juan/AppData/Roaming/NetBeans/8.0.2/jruby/lib/ruby/gems/shared/gems/actionpack-2.3.8/lib/action_controller/failsafe.rb:26:in `call'
    C:/Users/Juan/AppData/Roaming/NetBeans/8.0.2/jruby/lib/ruby/gems/shared/gems/rack-1.1.0/lib/rack/lock.rb:11:in `call'
    org/jruby/ext/thread/Mutex.java:149:in `synchronize'
    C:/Users/Juan/AppData/Roaming/NetBeans/8.0.2/jruby/lib/ruby/gems/shared/gems/rack-1.1.0/lib/rack/lock.rb:11:in `call'
    C:/Users/Juan/AppData/Roaming/NetBeans/8.0.2/jruby/lib/ruby/gems/shared/gems/actionpack-2.3.8/lib/action_controller/dispatcher.rb:114:in `call'
    C:/Users/Juan/AppData/Roaming/NetBeans/8.0.2/jruby/lib/ruby/gems/shared/gems/actionpack-2.3.8/lib/action_controller/reloader.rb:34:in `run'
    C:/Users/Juan/AppData/Roaming/NetBeans/8.0.2/jruby/lib/ruby/gems/shared/gems/actionpack-2.3.8/lib/action_controller/dispatcher.rb:108:in `call'
    C:/Users/Juan/AppData/Roaming/NetBeans/8.0.2/jruby/lib/ruby/gems/shared/gems/rails-2.3.8/lib/rails/rack/static.rb:31:in `call'
    C:/Users/Juan/AppData/Roaming/NetBeans/8.0.2/jruby/lib/ruby/gems/shared/gems/rack-1.1.0/lib/rack/urlmap.rb:49:in `call'
    org/jruby/RubyArray.java:1613:in `each'
    C:/Users/Juan/AppData/Roaming/NetBeans/8.0.2/jruby/lib/ruby/gems/shared/gems/rack-1.1.0/lib/rack/urlmap.rb:41:in `call'
    C:/Users/Juan/AppData/Roaming/NetBeans/8.0.2/jruby/lib/ruby/gems/shared/gems/rails-2.3.8/lib/rails/rack/log_tailer.rb:17:in `call'
    C:/Users/Juan/AppData/Roaming/NetBeans/8.0.2/jruby/lib/ruby/gems/shared/gems/rack-1.1.0/lib/rack/content_length.rb:13:in `call'
    C:/Users/Juan/AppData/Roaming/NetBeans/8.0.2/jruby/lib/ruby/gems/shared/gems/rack-1.1.0/lib/rack/handler/webrick.rb:48:in `service'
    C:/Users/Juan/AppData/Roaming/NetBeans/8.0.2/jruby/lib/ruby/1.9/webrick/httpserver.rb:138:in `service'
    C:/Users/Juan/AppData/Roaming/NetBeans/8.0.2/jruby/lib/ruby/1.9/webrick/httpserver.rb:94:in `run'
    C:/Users/Juan/AppData/Roaming/NetBeans/8.0.2/jruby/lib/ruby/1.9/webrick/server.rb:191:in `start_thread'
/!\ FAILSAFE /!\  2016-08-20 22:50:21 -0300
  Status: 500 Internal Server Error
  com.mysql.jdbc.exceptions.jdbc4.CommunicationsException: Communications link failure

The last packet sent successfully to the server was 0 milliseconds ago. The driver has not received any packets from the server.
    arjdbc/jdbc/RubyJdbcConnection.java:463:in `init_connection'
    C:/Users/Juan/AppData/Roaming/NetBeans/8.0.2/jruby/lib/ruby/gems/shared/gems/activerecord-jdbc-adapter-1.3.21/lib/arjdbc/jdbc/connection.rb:15:in `initialize'
    C:/Users/Juan/AppData/Roaming/NetBeans/8.0.2/jruby/lib/ruby/gems/shared/gems/activerecord-jdbc-adapter-1.3.21/lib/arjdbc/jdbc/adapter.rb:76:in `initialize'
    C:/Users/Juan/AppData/Roaming/NetBeans/8.0.2/jruby/lib/ruby/gems/shared/gems/activerecord-jdbc-adapter-1.3.21/lib/arjdbc/jdbc/adapter.rb:44:in `new'
    C:/Users/Juan/AppData/Roaming/NetBeans/8.0.2/jruby/lib/ruby/gems/shared/gems/activerecord-jdbc-adapter-1.3.21/lib/arjdbc/jdbc/connection_methods.rb:12:in `jdbc_connection'
    C:/Users/Juan/AppData/Roaming/NetBeans/8.0.2/jruby/lib/ruby/gems/shared/gems/activerecord-jdbc-adapter-1.3.21/lib/arjdbc/mysql/connection_methods.rb:76:in `mysql_connection'
    org/jruby/RubyBasicObject.java:1683:in `__send__'
    org/jruby/RubyKernel.java:2107:in `send'
    C:/Users/Juan/AppData/Roaming/NetBeans/8.0.2/jruby/lib/ruby/gems/shared/gems/activerecord-2.3.8/lib/active_record/connection_adapters/abstract/connection_pool.rb:223:in `new_connection'
    C:/Users/Juan/AppData/Roaming/NetBeans/8.0.2/jruby/lib/ruby/gems/shared/gems/activerecord-2.3.8/lib/active_record/connection_adapters/abstract/connection_pool.rb:245:in `checkout_new_connection'
    C:/Users/Juan/AppData/Roaming/NetBeans/8.0.2/jruby/lib/ruby/gems/shared/gems/activerecord-2.3.8/lib/active_record/connection_adapters/abstract/connection_pool.rb:188:in `checkout'
    org/jruby/RubyKernel.java:1409:in `loop'
    C:/Users/Juan/AppData/Roaming/NetBeans/8.0.2/jruby/lib/ruby/gems/shared/gems/activerecord-2.3.8/lib/active_record/connection_adapters/abstract/connection_pool.rb:184:in `checkout'
    C:/Users/Juan/AppData/Roaming/NetBeans/8.0.2/jruby/lib/ruby/1.9/monitor.rb:211:in `mon_synchronize'
    C:/Users/Juan/AppData/Roaming/NetBeans/8.0.2/jruby/lib/ruby/gems/shared/gems/activerecord-2.3.8/lib/active_record/connection_adapters/abstract/connection_pool.rb:183:in `checkout'
    C:/Users/Juan/AppData/Roaming/NetBeans/8.0.2/jruby/lib/ruby/gems/shared/gems/activerecord-2.3.8/lib/active_record/connection_adapters/abstract/connection_pool.rb:98:in `connection'
    C:/Users/Juan/AppData/Roaming/NetBeans/8.0.2/jruby/lib/ruby/gems/shared/gems/activerecord-2.3.8/lib/active_record/connection_adapters/abstract/connection_pool.rb:326:in `retrieve_connection'
    C:/Users/Juan/AppData/Roaming/NetBeans/8.0.2/jruby/lib/ruby/gems/shared/gems/activerecord-2.3.8/lib/active_record/connection_adapters/abstract/connection_specification.rb:123:in `retrieve_connection'
    C:/Users/Juan/AppData/Roaming/NetBeans/8.0.2/jruby/lib/ruby/gems/shared/gems/activerecord-2.3.8/lib/active_record/connection_adapters/abstract/connection_specification.rb:115:in `connection'
    C:/Users/Juan/AppData/Roaming/NetBeans/8.0.2/jruby/lib/ruby/gems/shared/gems/activerecord-2.3.8/lib/active_record/query_cache.rb:9:in `cache'
    C:/Users/Juan/AppData/Roaming/NetBeans/8.0.2/jruby/lib/ruby/gems/shared/gems/activerecord-2.3.8/lib/active_record/query_cache.rb:28:in `call'
    C:/Users/Juan/AppData/Roaming/NetBeans/8.0.2/jruby/lib/ruby/gems/shared/gems/activerecord-2.3.8/lib/active_record/connection_adapters/abstract/connection_pool.rb:361:in `call'
    C:/Users/Juan/AppData/Roaming/NetBeans/8.0.2/jruby/lib/ruby/gems/shared/gems/actionpack-2.3.8/lib/action_controller/string_coercion.rb:25:in `call'
    C:/Users/Juan/AppData/Roaming/NetBeans/8.0.2/jruby/lib/ruby/gems/shared/gems/rack-1.1.0/lib/rack/head.rb:9:in `call'
    C:/Users/Juan/AppData/Roaming/NetBeans/8.0.2/jruby/lib/ruby/gems/shared/gems/rack-1.1.0/lib/rack/methodoverride.rb:24:in `call'
    C:/Users/Juan/AppData/Roaming/NetBeans/8.0.2/jruby/lib/ruby/gems/shared/gems/actionpack-2.3.8/lib/action_controller/params_parser.rb:15:in `call'
    C:/Users/Juan/AppData/Roaming/NetBeans/8.0.2/jruby/lib/ruby/gems/shared/gems/actionpack-2.3.8/lib/action_controller/session/cookie_store.rb:99:in `call'
    C:/Users/Juan/AppData/Roaming/NetBeans/8.0.2/jruby/lib/ruby/gems/shared/gems/actionpack-2.3.8/lib/action_controller/failsafe.rb:26:in `call'
    C:/Users/Juan/AppData/Roaming/NetBeans/8.0.2/jruby/lib/ruby/gems/shared/gems/rack-1.1.0/lib/rack/lock.rb:11:in `call'
    org/jruby/ext/thread/Mutex.java:149:in `synchronize'
    C:/Users/Juan/AppData/Roaming/NetBeans/8.0.2/jruby/lib/ruby/gems/shared/gems/rack-1.1.0/lib/rack/lock.rb:11:in `call'
    C:/Users/Juan/AppData/Roaming/NetBeans/8.0.2/jruby/lib/ruby/gems/shared/gems/actionpack-2.3.8/lib/action_controller/dispatcher.rb:114:in `call'
    C:/Users/Juan/AppData/Roaming/NetBeans/8.0.2/jruby/lib/ruby/gems/shared/gems/actionpack-2.3.8/lib/action_controller/reloader.rb:34:in `run'
    C:/Users/Juan/AppData/Roaming/NetBeans/8.0.2/jruby/lib/ruby/gems/shared/gems/actionpack-2.3.8/lib/action_controller/dispatcher.rb:108:in `call'
    C:/Users/Juan/AppData/Roaming/NetBeans/8.0.2/jruby/lib/ruby/gems/shared/gems/rails-2.3.8/lib/rails/rack/static.rb:31:in `call'
    C:/Users/Juan/AppData/Roaming/NetBeans/8.0.2/jruby/lib/ruby/gems/shared/gems/rack-1.1.0/lib/rack/urlmap.rb:49:in `call'
    org/jruby/RubyArray.java:1613:in `each'
    C:/Users/Juan/AppData/Roaming/NetBeans/8.0.2/jruby/lib/ruby/gems/shared/gems/rack-1.1.0/lib/rack/urlmap.rb:41:in `call'
    C:/Users/Juan/AppData/Roaming/NetBeans/8.0.2/jruby/lib/ruby/gems/shared/gems/rails-2.3.8/lib/rails/rack/log_tailer.rb:17:in `call'
    C:/Users/Juan/AppData/Roaming/NetBeans/8.0.2/jruby/lib/ruby/gems/shared/gems/rack-1.1.0/lib/rack/content_length.rb:13:in `call'
    C:/Users/Juan/AppData/Roaming/NetBeans/8.0.2/jruby/lib/ruby/gems/shared/gems/rack-1.1.0/lib/rack/handler/webrick.rb:48:in `service'
    C:/Users/Juan/AppData/Roaming/NetBeans/8.0.2/jruby/lib/ruby/1.9/webrick/httpserver.rb:138:in `service'
    C:/Users/Juan/AppData/Roaming/NetBeans/8.0.2/jruby/lib/ruby/1.9/webrick/httpserver.rb:94:in `run'
    C:/Users/Juan/AppData/Roaming/NetBeans/8.0.2/jruby/lib/ruby/1.9/webrick/server.rb:191:in `start_thread'
/!\ FAILSAFE /!\  2016-08-20 23:04:57 -0300
  Status: 500 Internal Server Error
  com.mysql.jdbc.exceptions.jdbc4.CommunicationsException: Communications link failure

The last packet sent successfully to the server was 0 milliseconds ago. The driver has not received any packets from the server.
    arjdbc/jdbc/RubyJdbcConnection.java:463:in `init_connection'
    C:/Users/Juan/AppData/Roaming/NetBeans/8.0.2/jruby/lib/ruby/gems/shared/gems/activerecord-jdbc-adapter-1.3.21/lib/arjdbc/jdbc/connection.rb:15:in `initialize'
    C:/Users/Juan/AppData/Roaming/NetBeans/8.0.2/jruby/lib/ruby/gems/shared/gems/activerecord-jdbc-adapter-1.3.21/lib/arjdbc/jdbc/adapter.rb:76:in `initialize'
    C:/Users/Juan/AppData/Roaming/NetBeans/8.0.2/jruby/lib/ruby/gems/shared/gems/activerecord-jdbc-adapter-1.3.21/lib/arjdbc/jdbc/adapter.rb:44:in `new'
    C:/Users/Juan/AppData/Roaming/NetBeans/8.0.2/jruby/lib/ruby/gems/shared/gems/activerecord-jdbc-adapter-1.3.21/lib/arjdbc/jdbc/connection_methods.rb:12:in `jdbc_connection'
    C:/Users/Juan/AppData/Roaming/NetBeans/8.0.2/jruby/lib/ruby/gems/shared/gems/activerecord-jdbc-adapter-1.3.21/lib/arjdbc/mysql/connection_methods.rb:76:in `mysql_connection'
    org/jruby/RubyBasicObject.java:1683:in `__send__'
    org/jruby/RubyKernel.java:2107:in `send'
    C:/Users/Juan/AppData/Roaming/NetBeans/8.0.2/jruby/lib/ruby/gems/shared/gems/activerecord-2.3.8/lib/active_record/connection_adapters/abstract/connection_pool.rb:223:in `new_connection'
    C:/Users/Juan/AppData/Roaming/NetBeans/8.0.2/jruby/lib/ruby/gems/shared/gems/activerecord-2.3.8/lib/active_record/connection_adapters/abstract/connection_pool.rb:245:in `checkout_new_connection'
    C:/Users/Juan/AppData/Roaming/NetBeans/8.0.2/jruby/lib/ruby/gems/shared/gems/activerecord-2.3.8/lib/active_record/connection_adapters/abstract/connection_pool.rb:188:in `checkout'
    org/jruby/RubyKernel.java:1409:in `loop'
    C:/Users/Juan/AppData/Roaming/NetBeans/8.0.2/jruby/lib/ruby/gems/shared/gems/activerecord-2.3.8/lib/active_record/connection_adapters/abstract/connection_pool.rb:184:in `checkout'
    C:/Users/Juan/AppData/Roaming/NetBeans/8.0.2/jruby/lib/ruby/1.9/monitor.rb:211:in `mon_synchronize'
    C:/Users/Juan/AppData/Roaming/NetBeans/8.0.2/jruby/lib/ruby/gems/shared/gems/activerecord-2.3.8/lib/active_record/connection_adapters/abstract/connection_pool.rb:183:in `checkout'
    C:/Users/Juan/AppData/Roaming/NetBeans/8.0.2/jruby/lib/ruby/gems/shared/gems/activerecord-2.3.8/lib/active_record/connection_adapters/abstract/connection_pool.rb:98:in `connection'
    C:/Users/Juan/AppData/Roaming/NetBeans/8.0.2/jruby/lib/ruby/gems/shared/gems/activerecord-2.3.8/lib/active_record/connection_adapters/abstract/connection_pool.rb:326:in `retrieve_connection'
    C:/Users/Juan/AppData/Roaming/NetBeans/8.0.2/jruby/lib/ruby/gems/shared/gems/activerecord-2.3.8/lib/active_record/connection_adapters/abstract/connection_specification.rb:123:in `retrieve_connection'
    C:/Users/Juan/AppData/Roaming/NetBeans/8.0.2/jruby/lib/ruby/gems/shared/gems/activerecord-2.3.8/lib/active_record/connection_adapters/abstract/connection_specification.rb:115:in `connection'
    C:/Users/Juan/AppData/Roaming/NetBeans/8.0.2/jruby/lib/ruby/gems/shared/gems/activerecord-2.3.8/lib/active_record/query_cache.rb:9:in `cache'
    C:/Users/Juan/AppData/Roaming/NetBeans/8.0.2/jruby/lib/ruby/gems/shared/gems/activerecord-2.3.8/lib/active_record/query_cache.rb:28:in `call'
    C:/Users/Juan/AppData/Roaming/NetBeans/8.0.2/jruby/lib/ruby/gems/shared/gems/activerecord-2.3.8/lib/active_record/connection_adapters/abstract/connection_pool.rb:361:in `call'
    C:/Users/Juan/AppData/Roaming/NetBeans/8.0.2/jruby/lib/ruby/gems/shared/gems/actionpack-2.3.8/lib/action_controller/string_coercion.rb:25:in `call'
    C:/Users/Juan/AppData/Roaming/NetBeans/8.0.2/jruby/lib/ruby/gems/shared/gems/rack-1.1.0/lib/rack/head.rb:9:in `call'
    C:/Users/Juan/AppData/Roaming/NetBeans/8.0.2/jruby/lib/ruby/gems/shared/gems/rack-1.1.0/lib/rack/methodoverride.rb:24:in `call'
    C:/Users/Juan/AppData/Roaming/NetBeans/8.0.2/jruby/lib/ruby/gems/shared/gems/actionpack-2.3.8/lib/action_controller/params_parser.rb:15:in `call'
    C:/Users/Juan/AppData/Roaming/NetBeans/8.0.2/jruby/lib/ruby/gems/shared/gems/actionpack-2.3.8/lib/action_controller/session/cookie_store.rb:99:in `call'
    C:/Users/Juan/AppData/Roaming/NetBeans/8.0.2/jruby/lib/ruby/gems/shared/gems/actionpack-2.3.8/lib/action_controller/failsafe.rb:26:in `call'
    C:/Users/Juan/AppData/Roaming/NetBeans/8.0.2/jruby/lib/ruby/gems/shared/gems/rack-1.1.0/lib/rack/lock.rb:11:in `call'
    org/jruby/ext/thread/Mutex.java:149:in `synchronize'
    C:/Users/Juan/AppData/Roaming/NetBeans/8.0.2/jruby/lib/ruby/gems/shared/gems/rack-1.1.0/lib/rack/lock.rb:11:in `call'
    C:/Users/Juan/AppData/Roaming/NetBeans/8.0.2/jruby/lib/ruby/gems/shared/gems/actionpack-2.3.8/lib/action_controller/dispatcher.rb:114:in `call'
    C:/Users/Juan/AppData/Roaming/NetBeans/8.0.2/jruby/lib/ruby/gems/shared/gems/actionpack-2.3.8/lib/action_controller/reloader.rb:34:in `run'
    C:/Users/Juan/AppData/Roaming/NetBeans/8.0.2/jruby/lib/ruby/gems/shared/gems/actionpack-2.3.8/lib/action_controller/dispatcher.rb:108:in `call'
    C:/Users/Juan/AppData/Roaming/NetBeans/8.0.2/jruby/lib/ruby/gems/shared/gems/rails-2.3.8/lib/rails/rack/static.rb:31:in `call'
    C:/Users/Juan/AppData/Roaming/NetBeans/8.0.2/jruby/lib/ruby/gems/shared/gems/rack-1.1.0/lib/rack/urlmap.rb:49:in `call'
    org/jruby/RubyArray.java:1613:in `each'
    C:/Users/Juan/AppData/Roaming/NetBeans/8.0.2/jruby/lib/ruby/gems/shared/gems/rack-1.1.0/lib/rack/urlmap.rb:41:in `call'
    C:/Users/Juan/AppData/Roaming/NetBeans/8.0.2/jruby/lib/ruby/gems/shared/gems/rails-2.3.8/lib/rails/rack/log_tailer.rb:17:in `call'
    C:/Users/Juan/AppData/Roaming/NetBeans/8.0.2/jruby/lib/ruby/gems/shared/gems/rack-1.1.0/lib/rack/content_length.rb:13:in `call'
    C:/Users/Juan/AppData/Roaming/NetBeans/8.0.2/jruby/lib/ruby/gems/shared/gems/rack-1.1.0/lib/rack/handler/webrick.rb:48:in `service'
    C:/Users/Juan/AppData/Roaming/NetBeans/8.0.2/jruby/lib/ruby/1.9/webrick/httpserver.rb:138:in `service'
    C:/Users/Juan/AppData/Roaming/NetBeans/8.0.2/jruby/lib/ruby/1.9/webrick/httpserver.rb:94:in `run'
    C:/Users/Juan/AppData/Roaming/NetBeans/8.0.2/jruby/lib/ruby/1.9/webrick/server.rb:191:in `start_thread'
/!\ FAILSAFE /!\  2016-08-20 23:05:10 -0300
  Status: 500 Internal Server Error
  com.mysql.jdbc.exceptions.jdbc4.CommunicationsException: Communications link failure

The last packet sent successfully to the server was 0 milliseconds ago. The driver has not received any packets from the server.
    arjdbc/jdbc/RubyJdbcConnection.java:463:in `init_connection'
    C:/Users/Juan/AppData/Roaming/NetBeans/8.0.2/jruby/lib/ruby/gems/shared/gems/activerecord-jdbc-adapter-1.3.21/lib/arjdbc/jdbc/connection.rb:15:in `initialize'
    C:/Users/Juan/AppData/Roaming/NetBeans/8.0.2/jruby/lib/ruby/gems/shared/gems/activerecord-jdbc-adapter-1.3.21/lib/arjdbc/jdbc/adapter.rb:76:in `initialize'
    C:/Users/Juan/AppData/Roaming/NetBeans/8.0.2/jruby/lib/ruby/gems/shared/gems/activerecord-jdbc-adapter-1.3.21/lib/arjdbc/jdbc/adapter.rb:44:in `new'
    C:/Users/Juan/AppData/Roaming/NetBeans/8.0.2/jruby/lib/ruby/gems/shared/gems/activerecord-jdbc-adapter-1.3.21/lib/arjdbc/jdbc/connection_methods.rb:12:in `jdbc_connection'
    C:/Users/Juan/AppData/Roaming/NetBeans/8.0.2/jruby/lib/ruby/gems/shared/gems/activerecord-jdbc-adapter-1.3.21/lib/arjdbc/mysql/connection_methods.rb:76:in `mysql_connection'
    org/jruby/RubyBasicObject.java:1683:in `__send__'
    org/jruby/RubyKernel.java:2107:in `send'
    C:/Users/Juan/AppData/Roaming/NetBeans/8.0.2/jruby/lib/ruby/gems/shared/gems/activerecord-2.3.8/lib/active_record/connection_adapters/abstract/connection_pool.rb:223:in `new_connection'
    C:/Users/Juan/AppData/Roaming/NetBeans/8.0.2/jruby/lib/ruby/gems/shared/gems/activerecord-2.3.8/lib/active_record/connection_adapters/abstract/connection_pool.rb:245:in `checkout_new_connection'
    C:/Users/Juan/AppData/Roaming/NetBeans/8.0.2/jruby/lib/ruby/gems/shared/gems/activerecord-2.3.8/lib/active_record/connection_adapters/abstract/connection_pool.rb:188:in `checkout'
    org/jruby/RubyKernel.java:1409:in `loop'
    C:/Users/Juan/AppData/Roaming/NetBeans/8.0.2/jruby/lib/ruby/gems/shared/gems/activerecord-2.3.8/lib/active_record/connection_adapters/abstract/connection_pool.rb:184:in `checkout'
    C:/Users/Juan/AppData/Roaming/NetBeans/8.0.2/jruby/lib/ruby/1.9/monitor.rb:211:in `mon_synchronize'
    C:/Users/Juan/AppData/Roaming/NetBeans/8.0.2/jruby/lib/ruby/gems/shared/gems/activerecord-2.3.8/lib/active_record/connection_adapters/abstract/connection_pool.rb:183:in `checkout'
    C:/Users/Juan/AppData/Roaming/NetBeans/8.0.2/jruby/lib/ruby/gems/shared/gems/activerecord-2.3.8/lib/active_record/connection_adapters/abstract/connection_pool.rb:98:in `connection'
    C:/Users/Juan/AppData/Roaming/NetBeans/8.0.2/jruby/lib/ruby/gems/shared/gems/activerecord-2.3.8/lib/active_record/connection_adapters/abstract/connection_pool.rb:326:in `retrieve_connection'
    C:/Users/Juan/AppData/Roaming/NetBeans/8.0.2/jruby/lib/ruby/gems/shared/gems/activerecord-2.3.8/lib/active_record/connection_adapters/abstract/connection_specification.rb:123:in `retrieve_connection'
    C:/Users/Juan/AppData/Roaming/NetBeans/8.0.2/jruby/lib/ruby/gems/shared/gems/activerecord-2.3.8/lib/active_record/connection_adapters/abstract/connection_specification.rb:115:in `connection'
    C:/Users/Juan/AppData/Roaming/NetBeans/8.0.2/jruby/lib/ruby/gems/shared/gems/activerecord-2.3.8/lib/active_record/query_cache.rb:9:in `cache'
    C:/Users/Juan/AppData/Roaming/NetBeans/8.0.2/jruby/lib/ruby/gems/shared/gems/activerecord-2.3.8/lib/active_record/query_cache.rb:28:in `call'
    C:/Users/Juan/AppData/Roaming/NetBeans/8.0.2/jruby/lib/ruby/gems/shared/gems/activerecord-2.3.8/lib/active_record/connection_adapters/abstract/connection_pool.rb:361:in `call'
    C:/Users/Juan/AppData/Roaming/NetBeans/8.0.2/jruby/lib/ruby/gems/shared/gems/actionpack-2.3.8/lib/action_controller/string_coercion.rb:25:in `call'
    C:/Users/Juan/AppData/Roaming/NetBeans/8.0.2/jruby/lib/ruby/gems/shared/gems/rack-1.1.0/lib/rack/head.rb:9:in `call'
    C:/Users/Juan/AppData/Roaming/NetBeans/8.0.2/jruby/lib/ruby/gems/shared/gems/rack-1.1.0/lib/rack/methodoverride.rb:24:in `call'
    C:/Users/Juan/AppData/Roaming/NetBeans/8.0.2/jruby/lib/ruby/gems/shared/gems/actionpack-2.3.8/lib/action_controller/params_parser.rb:15:in `call'
    C:/Users/Juan/AppData/Roaming/NetBeans/8.0.2/jruby/lib/ruby/gems/shared/gems/actionpack-2.3.8/lib/action_controller/session/cookie_store.rb:99:in `call'
    C:/Users/Juan/AppData/Roaming/NetBeans/8.0.2/jruby/lib/ruby/gems/shared/gems/actionpack-2.3.8/lib/action_controller/failsafe.rb:26:in `call'
    C:/Users/Juan/AppData/Roaming/NetBeans/8.0.2/jruby/lib/ruby/gems/shared/gems/rack-1.1.0/lib/rack/lock.rb:11:in `call'
    org/jruby/ext/thread/Mutex.java:149:in `synchronize'
    C:/Users/Juan/AppData/Roaming/NetBeans/8.0.2/jruby/lib/ruby/gems/shared/gems/rack-1.1.0/lib/rack/lock.rb:11:in `call'
    C:/Users/Juan/AppData/Roaming/NetBeans/8.0.2/jruby/lib/ruby/gems/shared/gems/actionpack-2.3.8/lib/action_controller/dispatcher.rb:114:in `call'
    C:/Users/Juan/AppData/Roaming/NetBeans/8.0.2/jruby/lib/ruby/gems/shared/gems/actionpack-2.3.8/lib/action_controller/reloader.rb:34:in `run'
    C:/Users/Juan/AppData/Roaming/NetBeans/8.0.2/jruby/lib/ruby/gems/shared/gems/actionpack-2.3.8/lib/action_controller/dispatcher.rb:108:in `call'
    C:/Users/Juan/AppData/Roaming/NetBeans/8.0.2/jruby/lib/ruby/gems/shared/gems/rails-2.3.8/lib/rails/rack/static.rb:31:in `call'
    C:/Users/Juan/AppData/Roaming/NetBeans/8.0.2/jruby/lib/ruby/gems/shared/gems/rack-1.1.0/lib/rack/urlmap.rb:49:in `call'
    org/jruby/RubyArray.java:1613:in `each'
    C:/Users/Juan/AppData/Roaming/NetBeans/8.0.2/jruby/lib/ruby/gems/shared/gems/rack-1.1.0/lib/rack/urlmap.rb:41:in `call'
    C:/Users/Juan/AppData/Roaming/NetBeans/8.0.2/jruby/lib/ruby/gems/shared/gems/rails-2.3.8/lib/rails/rack/log_tailer.rb:17:in `call'
    C:/Users/Juan/AppData/Roaming/NetBeans/8.0.2/jruby/lib/ruby/gems/shared/gems/rack-1.1.0/lib/rack/content_length.rb:13:in `call'
    C:/Users/Juan/AppData/Roaming/NetBeans/8.0.2/jruby/lib/ruby/gems/shared/gems/rack-1.1.0/lib/rack/handler/webrick.rb:48:in `service'
    C:/Users/Juan/AppData/Roaming/NetBeans/8.0.2/jruby/lib/ruby/1.9/webrick/httpserver.rb:138:in `service'
    C:/Users/Juan/AppData/Roaming/NetBeans/8.0.2/jruby/lib/ruby/1.9/webrick/httpserver.rb:94:in `run'
    C:/Users/Juan/AppData/Roaming/NetBeans/8.0.2/jruby/lib/ruby/1.9/webrick/server.rb:191:in `start_thread'
/!\ FAILSAFE /!\  2016-08-20 23:05:27 -0300
  Status: 500 Internal Server Error
  com.mysql.jdbc.exceptions.jdbc4.CommunicationsException: Communications link failure

The last packet sent successfully to the server was 0 milliseconds ago. The driver has not received any packets from the server.
    arjdbc/jdbc/RubyJdbcConnection.java:463:in `init_connection'
    C:/Users/Juan/AppData/Roaming/NetBeans/8.0.2/jruby/lib/ruby/gems/shared/gems/activerecord-jdbc-adapter-1.3.21/lib/arjdbc/jdbc/connection.rb:15:in `initialize'
    C:/Users/Juan/AppData/Roaming/NetBeans/8.0.2/jruby/lib/ruby/gems/shared/gems/activerecord-jdbc-adapter-1.3.21/lib/arjdbc/jdbc/adapter.rb:76:in `initialize'
    C:/Users/Juan/AppData/Roaming/NetBeans/8.0.2/jruby/lib/ruby/gems/shared/gems/activerecord-jdbc-adapter-1.3.21/lib/arjdbc/jdbc/adapter.rb:44:in `new'
    C:/Users/Juan/AppData/Roaming/NetBeans/8.0.2/jruby/lib/ruby/gems/shared/gems/activerecord-jdbc-adapter-1.3.21/lib/arjdbc/jdbc/connection_methods.rb:12:in `jdbc_connection'
    C:/Users/Juan/AppData/Roaming/NetBeans/8.0.2/jruby/lib/ruby/gems/shared/gems/activerecord-jdbc-adapter-1.3.21/lib/arjdbc/mysql/connection_methods.rb:76:in `mysql_connection'
    org/jruby/RubyBasicObject.java:1683:in `__send__'
    org/jruby/RubyKernel.java:2107:in `send'
    C:/Users/Juan/AppData/Roaming/NetBeans/8.0.2/jruby/lib/ruby/gems/shared/gems/activerecord-2.3.8/lib/active_record/connection_adapters/abstract/connection_pool.rb:223:in `new_connection'
    C:/Users/Juan/AppData/Roaming/NetBeans/8.0.2/jruby/lib/ruby/gems/shared/gems/activerecord-2.3.8/lib/active_record/connection_adapters/abstract/connection_pool.rb:245:in `checkout_new_connection'
    C:/Users/Juan/AppData/Roaming/NetBeans/8.0.2/jruby/lib/ruby/gems/shared/gems/activerecord-2.3.8/lib/active_record/connection_adapters/abstract/connection_pool.rb:188:in `checkout'
    org/jruby/RubyKernel.java:1409:in `loop'
    C:/Users/Juan/AppData/Roaming/NetBeans/8.0.2/jruby/lib/ruby/gems/shared/gems/activerecord-2.3.8/lib/active_record/connection_adapters/abstract/connection_pool.rb:184:in `checkout'
    C:/Users/Juan/AppData/Roaming/NetBeans/8.0.2/jruby/lib/ruby/1.9/monitor.rb:211:in `mon_synchronize'
    C:/Users/Juan/AppData/Roaming/NetBeans/8.0.2/jruby/lib/ruby/gems/shared/gems/activerecord-2.3.8/lib/active_record/connection_adapters/abstract/connection_pool.rb:183:in `checkout'
    C:/Users/Juan/AppData/Roaming/NetBeans/8.0.2/jruby/lib/ruby/gems/shared/gems/activerecord-2.3.8/lib/active_record/connection_adapters/abstract/connection_pool.rb:98:in `connection'
    C:/Users/Juan/AppData/Roaming/NetBeans/8.0.2/jruby/lib/ruby/gems/shared/gems/activerecord-2.3.8/lib/active_record/connection_adapters/abstract/connection_pool.rb:326:in `retrieve_connection'
    C:/Users/Juan/AppData/Roaming/NetBeans/8.0.2/jruby/lib/ruby/gems/shared/gems/activerecord-2.3.8/lib/active_record/connection_adapters/abstract/connection_specification.rb:123:in `retrieve_connection'
    C:/Users/Juan/AppData/Roaming/NetBeans/8.0.2/jruby/lib/ruby/gems/shared/gems/activerecord-2.3.8/lib/active_record/connection_adapters/abstract/connection_specification.rb:115:in `connection'
    C:/Users/Juan/AppData/Roaming/NetBeans/8.0.2/jruby/lib/ruby/gems/shared/gems/activerecord-2.3.8/lib/active_record/query_cache.rb:9:in `cache'
    C:/Users/Juan/AppData/Roaming/NetBeans/8.0.2/jruby/lib/ruby/gems/shared/gems/activerecord-2.3.8/lib/active_record/query_cache.rb:28:in `call'
    C:/Users/Juan/AppData/Roaming/NetBeans/8.0.2/jruby/lib/ruby/gems/shared/gems/activerecord-2.3.8/lib/active_record/connection_adapters/abstract/connection_pool.rb:361:in `call'
    C:/Users/Juan/AppData/Roaming/NetBeans/8.0.2/jruby/lib/ruby/gems/shared/gems/actionpack-2.3.8/lib/action_controller/string_coercion.rb:25:in `call'
    C:/Users/Juan/AppData/Roaming/NetBeans/8.0.2/jruby/lib/ruby/gems/shared/gems/rack-1.1.0/lib/rack/head.rb:9:in `call'
    C:/Users/Juan/AppData/Roaming/NetBeans/8.0.2/jruby/lib/ruby/gems/shared/gems/rack-1.1.0/lib/rack/methodoverride.rb:24:in `call'
    C:/Users/Juan/AppData/Roaming/NetBeans/8.0.2/jruby/lib/ruby/gems/shared/gems/actionpack-2.3.8/lib/action_controller/params_parser.rb:15:in `call'
    C:/Users/Juan/AppData/Roaming/NetBeans/8.0.2/jruby/lib/ruby/gems/shared/gems/actionpack-2.3.8/lib/action_controller/session/cookie_store.rb:99:in `call'
    C:/Users/Juan/AppData/Roaming/NetBeans/8.0.2/jruby/lib/ruby/gems/shared/gems/actionpack-2.3.8/lib/action_controller/failsafe.rb:26:in `call'
    C:/Users/Juan/AppData/Roaming/NetBeans/8.0.2/jruby/lib/ruby/gems/shared/gems/rack-1.1.0/lib/rack/lock.rb:11:in `call'
    org/jruby/ext/thread/Mutex.java:149:in `synchronize'
    C:/Users/Juan/AppData/Roaming/NetBeans/8.0.2/jruby/lib/ruby/gems/shared/gems/rack-1.1.0/lib/rack/lock.rb:11:in `call'
    C:/Users/Juan/AppData/Roaming/NetBeans/8.0.2/jruby/lib/ruby/gems/shared/gems/actionpack-2.3.8/lib/action_controller/dispatcher.rb:114:in `call'
    C:/Users/Juan/AppData/Roaming/NetBeans/8.0.2/jruby/lib/ruby/gems/shared/gems/actionpack-2.3.8/lib/action_controller/reloader.rb:34:in `run'
    C:/Users/Juan/AppData/Roaming/NetBeans/8.0.2/jruby/lib/ruby/gems/shared/gems/actionpack-2.3.8/lib/action_controller/dispatcher.rb:108:in `call'
    C:/Users/Juan/AppData/Roaming/NetBeans/8.0.2/jruby/lib/ruby/gems/shared/gems/rails-2.3.8/lib/rails/rack/static.rb:31:in `call'
    C:/Users/Juan/AppData/Roaming/NetBeans/8.0.2/jruby/lib/ruby/gems/shared/gems/rack-1.1.0/lib/rack/urlmap.rb:49:in `call'
    org/jruby/RubyArray.java:1613:in `each'
    C:/Users/Juan/AppData/Roaming/NetBeans/8.0.2/jruby/lib/ruby/gems/shared/gems/rack-1.1.0/lib/rack/urlmap.rb:41:in `call'
    C:/Users/Juan/AppData/Roaming/NetBeans/8.0.2/jruby/lib/ruby/gems/shared/gems/rails-2.3.8/lib/rails/rack/log_tailer.rb:17:in `call'
    C:/Users/Juan/AppData/Roaming/NetBeans/8.0.2/jruby/lib/ruby/gems/shared/gems/rack-1.1.0/lib/rack/content_length.rb:13:in `call'
    C:/Users/Juan/AppData/Roaming/NetBeans/8.0.2/jruby/lib/ruby/gems/shared/gems/rack-1.1.0/lib/rack/handler/webrick.rb:48:in `service'
    C:/Users/Juan/AppData/Roaming/NetBeans/8.0.2/jruby/lib/ruby/1.9/webrick/httpserver.rb:138:in `service'
    C:/Users/Juan/AppData/Roaming/NetBeans/8.0.2/jruby/lib/ruby/1.9/webrick/httpserver.rb:94:in `run'
    C:/Users/Juan/AppData/Roaming/NetBeans/8.0.2/jruby/lib/ruby/1.9/webrick/server.rb:191:in `start_thread'
/!\ FAILSAFE /!\  2016-08-20 23:05:50 -0300
  Status: 500 Internal Server Error
  com.mysql.jdbc.exceptions.jdbc4.CommunicationsException: Communications link failure

The last packet sent successfully to the server was 0 milliseconds ago. The driver has not received any packets from the server.
    arjdbc/jdbc/RubyJdbcConnection.java:463:in `init_connection'
    C:/Users/Juan/AppData/Roaming/NetBeans/8.0.2/jruby/lib/ruby/gems/shared/gems/activerecord-jdbc-adapter-1.3.21/lib/arjdbc/jdbc/connection.rb:15:in `initialize'
    C:/Users/Juan/AppData/Roaming/NetBeans/8.0.2/jruby/lib/ruby/gems/shared/gems/activerecord-jdbc-adapter-1.3.21/lib/arjdbc/jdbc/adapter.rb:76:in `initialize'
    C:/Users/Juan/AppData/Roaming/NetBeans/8.0.2/jruby/lib/ruby/gems/shared/gems/activerecord-jdbc-adapter-1.3.21/lib/arjdbc/jdbc/adapter.rb:44:in `new'
    C:/Users/Juan/AppData/Roaming/NetBeans/8.0.2/jruby/lib/ruby/gems/shared/gems/activerecord-jdbc-adapter-1.3.21/lib/arjdbc/jdbc/connection_methods.rb:12:in `jdbc_connection'
    C:/Users/Juan/AppData/Roaming/NetBeans/8.0.2/jruby/lib/ruby/gems/shared/gems/activerecord-jdbc-adapter-1.3.21/lib/arjdbc/mysql/connection_methods.rb:76:in `mysql_connection'
    org/jruby/RubyBasicObject.java:1683:in `__send__'
    org/jruby/RubyKernel.java:2107:in `send'
    C:/Users/Juan/AppData/Roaming/NetBeans/8.0.2/jruby/lib/ruby/gems/shared/gems/activerecord-2.3.8/lib/active_record/connection_adapters/abstract/connection_pool.rb:223:in `new_connection'
    C:/Users/Juan/AppData/Roaming/NetBeans/8.0.2/jruby/lib/ruby/gems/shared/gems/activerecord-2.3.8/lib/active_record/connection_adapters/abstract/connection_pool.rb:245:in `checkout_new_connection'
    C:/Users/Juan/AppData/Roaming/NetBeans/8.0.2/jruby/lib/ruby/gems/shared/gems/activerecord-2.3.8/lib/active_record/connection_adapters/abstract/connection_pool.rb:188:in `checkout'
    org/jruby/RubyKernel.java:1409:in `loop'
    C:/Users/Juan/AppData/Roaming/NetBeans/8.0.2/jruby/lib/ruby/gems/shared/gems/activerecord-2.3.8/lib/active_record/connection_adapters/abstract/connection_pool.rb:184:in `checkout'
    C:/Users/Juan/AppData/Roaming/NetBeans/8.0.2/jruby/lib/ruby/1.9/monitor.rb:211:in `mon_synchronize'
    C:/Users/Juan/AppData/Roaming/NetBeans/8.0.2/jruby/lib/ruby/gems/shared/gems/activerecord-2.3.8/lib/active_record/connection_adapters/abstract/connection_pool.rb:183:in `checkout'
    C:/Users/Juan/AppData/Roaming/NetBeans/8.0.2/jruby/lib/ruby/gems/shared/gems/activerecord-2.3.8/lib/active_record/connection_adapters/abstract/connection_pool.rb:98:in `connection'
    C:/Users/Juan/AppData/Roaming/NetBeans/8.0.2/jruby/lib/ruby/gems/shared/gems/activerecord-2.3.8/lib/active_record/connection_adapters/abstract/connection_pool.rb:326:in `retrieve_connection'
    C:/Users/Juan/AppData/Roaming/NetBeans/8.0.2/jruby/lib/ruby/gems/shared/gems/activerecord-2.3.8/lib/active_record/connection_adapters/abstract/connection_specification.rb:123:in `retrieve_connection'
    C:/Users/Juan/AppData/Roaming/NetBeans/8.0.2/jruby/lib/ruby/gems/shared/gems/activerecord-2.3.8/lib/active_record/connection_adapters/abstract/connection_specification.rb:115:in `connection'
    C:/Users/Juan/AppData/Roaming/NetBeans/8.0.2/jruby/lib/ruby/gems/shared/gems/activerecord-2.3.8/lib/active_record/query_cache.rb:9:in `cache'
    C:/Users/Juan/AppData/Roaming/NetBeans/8.0.2/jruby/lib/ruby/gems/shared/gems/activerecord-2.3.8/lib/active_record/query_cache.rb:28:in `call'
    C:/Users/Juan/AppData/Roaming/NetBeans/8.0.2/jruby/lib/ruby/gems/shared/gems/activerecord-2.3.8/lib/active_record/connection_adapters/abstract/connection_pool.rb:361:in `call'
    C:/Users/Juan/AppData/Roaming/NetBeans/8.0.2/jruby/lib/ruby/gems/shared/gems/actionpack-2.3.8/lib/action_controller/string_coercion.rb:25:in `call'
    C:/Users/Juan/AppData/Roaming/NetBeans/8.0.2/jruby/lib/ruby/gems/shared/gems/rack-1.1.0/lib/rack/head.rb:9:in `call'
    C:/Users/Juan/AppData/Roaming/NetBeans/8.0.2/jruby/lib/ruby/gems/shared/gems/rack-1.1.0/lib/rack/methodoverride.rb:24:in `call'
    C:/Users/Juan/AppData/Roaming/NetBeans/8.0.2/jruby/lib/ruby/gems/shared/gems/actionpack-2.3.8/lib/action_controller/params_parser.rb:15:in `call'
    C:/Users/Juan/AppData/Roaming/NetBeans/8.0.2/jruby/lib/ruby/gems/shared/gems/actionpack-2.3.8/lib/action_controller/session/cookie_store.rb:99:in `call'
    C:/Users/Juan/AppData/Roaming/NetBeans/8.0.2/jruby/lib/ruby/gems/shared/gems/actionpack-2.3.8/lib/action_controller/failsafe.rb:26:in `call'
    C:/Users/Juan/AppData/Roaming/NetBeans/8.0.2/jruby/lib/ruby/gems/shared/gems/rack-1.1.0/lib/rack/lock.rb:11:in `call'
    org/jruby/ext/thread/Mutex.java:149:in `synchronize'
    C:/Users/Juan/AppData/Roaming/NetBeans/8.0.2/jruby/lib/ruby/gems/shared/gems/rack-1.1.0/lib/rack/lock.rb:11:in `call'
    C:/Users/Juan/AppData/Roaming/NetBeans/8.0.2/jruby/lib/ruby/gems/shared/gems/actionpack-2.3.8/lib/action_controller/dispatcher.rb:114:in `call'
    C:/Users/Juan/AppData/Roaming/NetBeans/8.0.2/jruby/lib/ruby/gems/shared/gems/actionpack-2.3.8/lib/action_controller/reloader.rb:34:in `run'
    C:/Users/Juan/AppData/Roaming/NetBeans/8.0.2/jruby/lib/ruby/gems/shared/gems/actionpack-2.3.8/lib/action_controller/dispatcher.rb:108:in `call'
    C:/Users/Juan/AppData/Roaming/NetBeans/8.0.2/jruby/lib/ruby/gems/shared/gems/rails-2.3.8/lib/rails/rack/static.rb:31:in `call'
    C:/Users/Juan/AppData/Roaming/NetBeans/8.0.2/jruby/lib/ruby/gems/shared/gems/rack-1.1.0/lib/rack/urlmap.rb:49:in `call'
    org/jruby/RubyArray.java:1613:in `each'
    C:/Users/Juan/AppData/Roaming/NetBeans/8.0.2/jruby/lib/ruby/gems/shared/gems/rack-1.1.0/lib/rack/urlmap.rb:41:in `call'
    C:/Users/Juan/AppData/Roaming/NetBeans/8.0.2/jruby/lib/ruby/gems/shared/gems/rails-2.3.8/lib/rails/rack/log_tailer.rb:17:in `call'
    C:/Users/Juan/AppData/Roaming/NetBeans/8.0.2/jruby/lib/ruby/gems/shared/gems/rack-1.1.0/lib/rack/content_length.rb:13:in `call'
    C:/Users/Juan/AppData/Roaming/NetBeans/8.0.2/jruby/lib/ruby/gems/shared/gems/rack-1.1.0/lib/rack/handler/webrick.rb:48:in `service'
    C:/Users/Juan/AppData/Roaming/NetBeans/8.0.2/jruby/lib/ruby/1.9/webrick/httpserver.rb:138:in `service'
    C:/Users/Juan/AppData/Roaming/NetBeans/8.0.2/jruby/lib/ruby/1.9/webrick/httpserver.rb:94:in `run'
    C:/Users/Juan/AppData/Roaming/NetBeans/8.0.2/jruby/lib/ruby/1.9/webrick/server.rb:191:in `start_thread'
/!\ FAILSAFE /!\  2016-08-20 23:06:04 -0300
  Status: 500 Internal Server Error
  com.mysql.jdbc.exceptions.jdbc4.CommunicationsException: Communications link failure

The last packet sent successfully to the server was 0 milliseconds ago. The driver has not received any packets from the server.
    arjdbc/jdbc/RubyJdbcConnection.java:463:in `init_connection'
    C:/Users/Juan/AppData/Roaming/NetBeans/8.0.2/jruby/lib/ruby/gems/shared/gems/activerecord-jdbc-adapter-1.3.21/lib/arjdbc/jdbc/connection.rb:15:in `initialize'
    C:/Users/Juan/AppData/Roaming/NetBeans/8.0.2/jruby/lib/ruby/gems/shared/gems/activerecord-jdbc-adapter-1.3.21/lib/arjdbc/jdbc/adapter.rb:76:in `initialize'
    C:/Users/Juan/AppData/Roaming/NetBeans/8.0.2/jruby/lib/ruby/gems/shared/gems/activerecord-jdbc-adapter-1.3.21/lib/arjdbc/jdbc/adapter.rb:44:in `new'
    C:/Users/Juan/AppData/Roaming/NetBeans/8.0.2/jruby/lib/ruby/gems/shared/gems/activerecord-jdbc-adapter-1.3.21/lib/arjdbc/jdbc/connection_methods.rb:12:in `jdbc_connection'
    C:/Users/Juan/AppData/Roaming/NetBeans/8.0.2/jruby/lib/ruby/gems/shared/gems/activerecord-jdbc-adapter-1.3.21/lib/arjdbc/mysql/connection_methods.rb:76:in `mysql_connection'
    org/jruby/RubyBasicObject.java:1683:in `__send__'
    org/jruby/RubyKernel.java:2107:in `send'
    C:/Users/Juan/AppData/Roaming/NetBeans/8.0.2/jruby/lib/ruby/gems/shared/gems/activerecord-2.3.8/lib/active_record/connection_adapters/abstract/connection_pool.rb:223:in `new_connection'
    C:/Users/Juan/AppData/Roaming/NetBeans/8.0.2/jruby/lib/ruby/gems/shared/gems/activerecord-2.3.8/lib/active_record/connection_adapters/abstract/connection_pool.rb:245:in `checkout_new_connection'
    C:/Users/Juan/AppData/Roaming/NetBeans/8.0.2/jruby/lib/ruby/gems/shared/gems/activerecord-2.3.8/lib/active_record/connection_adapters/abstract/connection_pool.rb:188:in `checkout'
    org/jruby/RubyKernel.java:1409:in `loop'
    C:/Users/Juan/AppData/Roaming/NetBeans/8.0.2/jruby/lib/ruby/gems/shared/gems/activerecord-2.3.8/lib/active_record/connection_adapters/abstract/connection_pool.rb:184:in `checkout'
    C:/Users/Juan/AppData/Roaming/NetBeans/8.0.2/jruby/lib/ruby/1.9/monitor.rb:211:in `mon_synchronize'
    C:/Users/Juan/AppData/Roaming/NetBeans/8.0.2/jruby/lib/ruby/gems/shared/gems/activerecord-2.3.8/lib/active_record/connection_adapters/abstract/connection_pool.rb:183:in `checkout'
    C:/Users/Juan/AppData/Roaming/NetBeans/8.0.2/jruby/lib/ruby/gems/shared/gems/activerecord-2.3.8/lib/active_record/connection_adapters/abstract/connection_pool.rb:98:in `connection'
    C:/Users/Juan/AppData/Roaming/NetBeans/8.0.2/jruby/lib/ruby/gems/shared/gems/activerecord-2.3.8/lib/active_record/connection_adapters/abstract/connection_pool.rb:326:in `retrieve_connection'
    C:/Users/Juan/AppData/Roaming/NetBeans/8.0.2/jruby/lib/ruby/gems/shared/gems/activerecord-2.3.8/lib/active_record/connection_adapters/abstract/connection_specification.rb:123:in `retrieve_connection'
    C:/Users/Juan/AppData/Roaming/NetBeans/8.0.2/jruby/lib/ruby/gems/shared/gems/activerecord-2.3.8/lib/active_record/connection_adapters/abstract/connection_specification.rb:115:in `connection'
    C:/Users/Juan/AppData/Roaming/NetBeans/8.0.2/jruby/lib/ruby/gems/shared/gems/activerecord-2.3.8/lib/active_record/query_cache.rb:9:in `cache'
    C:/Users/Juan/AppData/Roaming/NetBeans/8.0.2/jruby/lib/ruby/gems/shared/gems/activerecord-2.3.8/lib/active_record/query_cache.rb:28:in `call'
    C:/Users/Juan/AppData/Roaming/NetBeans/8.0.2/jruby/lib/ruby/gems/shared/gems/activerecord-2.3.8/lib/active_record/connection_adapters/abstract/connection_pool.rb:361:in `call'
    C:/Users/Juan/AppData/Roaming/NetBeans/8.0.2/jruby/lib/ruby/gems/shared/gems/actionpack-2.3.8/lib/action_controller/string_coercion.rb:25:in `call'
    C:/Users/Juan/AppData/Roaming/NetBeans/8.0.2/jruby/lib/ruby/gems/shared/gems/rack-1.1.0/lib/rack/head.rb:9:in `call'
    C:/Users/Juan/AppData/Roaming/NetBeans/8.0.2/jruby/lib/ruby/gems/shared/gems/rack-1.1.0/lib/rack/methodoverride.rb:24:in `call'
    C:/Users/Juan/AppData/Roaming/NetBeans/8.0.2/jruby/lib/ruby/gems/shared/gems/actionpack-2.3.8/lib/action_controller/params_parser.rb:15:in `call'
    C:/Users/Juan/AppData/Roaming/NetBeans/8.0.2/jruby/lib/ruby/gems/shared/gems/actionpack-2.3.8/lib/action_controller/session/cookie_store.rb:99:in `call'
    C:/Users/Juan/AppData/Roaming/NetBeans/8.0.2/jruby/lib/ruby/gems/shared/gems/actionpack-2.3.8/lib/action_controller/failsafe.rb:26:in `call'
    C:/Users/Juan/AppData/Roaming/NetBeans/8.0.2/jruby/lib/ruby/gems/shared/gems/rack-1.1.0/lib/rack/lock.rb:11:in `call'
    org/jruby/ext/thread/Mutex.java:149:in `synchronize'
    C:/Users/Juan/AppData/Roaming/NetBeans/8.0.2/jruby/lib/ruby/gems/shared/gems/rack-1.1.0/lib/rack/lock.rb:11:in `call'
    C:/Users/Juan/AppData/Roaming/NetBeans/8.0.2/jruby/lib/ruby/gems/shared/gems/actionpack-2.3.8/lib/action_controller/dispatcher.rb:114:in `call'
    C:/Users/Juan/AppData/Roaming/NetBeans/8.0.2/jruby/lib/ruby/gems/shared/gems/actionpack-2.3.8/lib/action_controller/reloader.rb:34:in `run'
    C:/Users/Juan/AppData/Roaming/NetBeans/8.0.2/jruby/lib/ruby/gems/shared/gems/actionpack-2.3.8/lib/action_controller/dispatcher.rb:108:in `call'
    C:/Users/Juan/AppData/Roaming/NetBeans/8.0.2/jruby/lib/ruby/gems/shared/gems/rails-2.3.8/lib/rails/rack/static.rb:31:in `call'
    C:/Users/Juan/AppData/Roaming/NetBeans/8.0.2/jruby/lib/ruby/gems/shared/gems/rack-1.1.0/lib/rack/urlmap.rb:49:in `call'
    org/jruby/RubyArray.java:1613:in `each'
    C:/Users/Juan/AppData/Roaming/NetBeans/8.0.2/jruby/lib/ruby/gems/shared/gems/rack-1.1.0/lib/rack/urlmap.rb:41:in `call'
    C:/Users/Juan/AppData/Roaming/NetBeans/8.0.2/jruby/lib/ruby/gems/shared/gems/rails-2.3.8/lib/rails/rack/log_tailer.rb:17:in `call'
    C:/Users/Juan/AppData/Roaming/NetBeans/8.0.2/jruby/lib/ruby/gems/shared/gems/rack-1.1.0/lib/rack/content_length.rb:13:in `call'
    C:/Users/Juan/AppData/Roaming/NetBeans/8.0.2/jruby/lib/ruby/gems/shared/gems/rack-1.1.0/lib/rack/handler/webrick.rb:48:in `service'
    C:/Users/Juan/AppData/Roaming/NetBeans/8.0.2/jruby/lib/ruby/1.9/webrick/httpserver.rb:138:in `service'
    C:/Users/Juan/AppData/Roaming/NetBeans/8.0.2/jruby/lib/ruby/1.9/webrick/httpserver.rb:94:in `run'
    C:/Users/Juan/AppData/Roaming/NetBeans/8.0.2/jruby/lib/ruby/1.9/webrick/server.rb:191:in `start_thread'
